2023-05-15 08:40:03.291 [main] DEBUG io.netty.util.internal.logging.InternalLoggerFactory - Using Log4J2 as the default logging framework
2023-05-15 08:40:03.294 [main] DEBUG io.netty.util.ResourceLeakDetector - -Dio.netty.leakDetection.level: simple
2023-05-15 08:40:03.294 [main] DEBUG io.netty.util.ResourceLeakDetector - -Dio.netty.leakDetection.targetRecords: 4
2023-05-15 08:40:03.296 [main] DEBUG io.netty.util.ResourceLeakDetectorFactory - Loaded default ResourceLeakDetector: io.netty.util.ResourceLeakDetector@795fd838
2023-05-15 08:40:03.303 [main] DEBUG io.netty.util.internal.PlatformDependent0 - -Dio.netty.noUnsafe: false
2023-05-15 08:40:03.303 [main] DEBUG io.netty.util.internal.PlatformDependent0 - Java version: 20
2023-05-15 08:40:03.303 [main] DEBUG io.netty.util.internal.PlatformDependent0 - sun.misc.Unsafe.theUnsafe: available
2023-05-15 08:40:03.304 [main] DEBUG io.netty.util.internal.PlatformDependent0 - sun.misc.Unsafe.copyMemory: available
2023-05-15 08:40:03.304 [main] DEBUG io.netty.util.internal.PlatformDependent0 - sun.misc.Unsafe.storeFence: available
2023-05-15 08:40:03.304 [main] DEBUG io.netty.util.internal.PlatformDependent0 - java.nio.Buffer.address: available
2023-05-15 08:40:03.304 [main] DEBUG io.netty.util.internal.PlatformDependent0 - direct buffer constructor: unavailable: Reflective setAccessible(true) disabled
2023-05-15 08:40:03.304 [main] DEBUG io.netty.util.internal.PlatformDependent0 - java.nio.Bits.unaligned: available, true
2023-05-15 08:40:03.305 [main] DEBUG io.netty.util.internal.PlatformDependent0 - jdk.internal.misc.Unsafe.allocateUninitializedArray(int): unavailable: class io.netty.util.internal.PlatformDependent0$7 cannot access class jdk.internal.misc.Unsafe (in module java.base) because module java.base does not export jdk.internal.misc to unnamed module @7823a2f9
2023-05-15 08:40:03.305 [main] DEBUG io.netty.util.internal.PlatformDependent0 - java.nio.DirectByteBuffer.<init>(long, int): unavailable
2023-05-15 08:40:03.305 [main] DEBUG io.netty.util.internal.PlatformDependent - sun.misc.Unsafe: available
2023-05-15 08:40:03.306 [main] DEBUG io.netty.util.internal.PlatformDependent - maxDirectMemory: 4294967296 bytes (maybe)
2023-05-15 08:40:03.306 [main] DEBUG io.netty.util.internal.PlatformDependent - -Dio.netty.tmpdir: /var/folders/jq/h9d02j955d50glwp9j3cs14w0000gn/T (java.io.tmpdir)
2023-05-15 08:40:03.306 [main] DEBUG io.netty.util.internal.PlatformDependent - -Dio.netty.bitMode: 64 (sun.arch.data.model)
2023-05-15 08:40:03.306 [main] DEBUG io.netty.util.internal.PlatformDependent - Platform: MacOS
2023-05-15 08:40:03.307 [main] DEBUG io.netty.util.internal.PlatformDependent - -Dio.netty.maxDirectMemory: -1 bytes
2023-05-15 08:40:03.307 [main] DEBUG io.netty.util.internal.PlatformDependent - -Dio.netty.uninitializedArrayAllocationThreshold: -1
2023-05-15 08:40:03.307 [main] DEBUG io.netty.util.internal.CleanerJava9 - java.nio.ByteBuffer.cleaner(): available
2023-05-15 08:40:03.307 [main] DEBUG io.netty.util.internal.PlatformDependent - -Dio.netty.noPreferDirect: false
2023-05-15 08:40:03.310 [main] DEBUG io.netty.util.internal.PlatformDependent - org.jctools-core.MpscChunkedArrayQueue: available
2023-05-15 08:40:03.319 [main] DEBUG io.netty.util.internal.InternalThreadLocalMap - -Dio.netty.threadLocalMap.stringBuilder.initialSize: 1024
2023-05-15 08:40:03.319 [main] DEBUG io.netty.util.internal.InternalThreadLocalMap - -Dio.netty.threadLocalMap.stringBuilder.maxSize: 4096
2023-05-15 08:40:03.326 [main] DEBUG io.netty.handler.ssl.JdkSslContext - Default protocols (JDK): [TLSv1.3, TLSv1.2] 
2023-05-15 08:40:03.326 [main] DEBUG io.netty.handler.ssl.JdkSslContext - Default cipher suites (JDK): [TLS_ECDHE_ECDSA_WITH_AES_256_GCM_SHA384, TLS_ECDHE_ECDSA_WITH_AES_128_GCM_SHA256, TLS_ECDHE_RSA_WITH_AES_128_GCM_SHA256, TLS_ECDHE_RSA_WITH_AES_256_GCM_SHA384, TLS_ECDHE_RSA_WITH_AES_128_CBC_SHA, TLS_ECDHE_RSA_WITH_AES_256_CBC_SHA, TLS_RSA_WITH_AES_128_GCM_SHA256, TLS_RSA_WITH_AES_128_CBC_SHA, TLS_RSA_WITH_AES_256_CBC_SHA, TLS_AES_128_GCM_SHA256, TLS_AES_256_GCM_SHA384]
2023-05-15 08:40:03.331 [main] DEBUG io.netty.util.concurrent.GlobalEventExecutor - -Dio.netty.globalEventExecutor.quietPeriodSeconds: 1
2023-05-15 08:40:03.335 [main] DEBUG io.netty.channel.MultithreadEventLoopGroup - -Dio.netty.eventLoopThreads: 16
2023-05-15 08:40:03.339 [main] DEBUG io.netty.channel.nio.NioEventLoop - -Dio.netty.noKeySetOptimization: false
2023-05-15 08:40:03.339 [main] DEBUG io.netty.channel.nio.NioEventLoop - -Dio.netty.selectorAutoRebuildThreshold: 512
2023-05-15 08:40:03.351 [main] DEBUG io.netty.buffer.PooledByteBufAllocator - -Dio.netty.allocator.numHeapArenas: 16
2023-05-15 08:40:03.351 [main] DEBUG io.netty.buffer.PooledByteBufAllocator - -Dio.netty.allocator.numDirectArenas: 16
2023-05-15 08:40:03.351 [main] DEBUG io.netty.buffer.PooledByteBufAllocator - -Dio.netty.allocator.pageSize: 8192
2023-05-15 08:40:03.351 [main] DEBUG io.netty.buffer.PooledByteBufAllocator - -Dio.netty.allocator.maxOrder: 9
2023-05-15 08:40:03.351 [main] DEBUG io.netty.buffer.PooledByteBufAllocator - -Dio.netty.allocator.chunkSize: 4194304
2023-05-15 08:40:03.351 [main] DEBUG io.netty.buffer.PooledByteBufAllocator - -Dio.netty.allocator.smallCacheSize: 256
2023-05-15 08:40:03.351 [main] DEBUG io.netty.buffer.PooledByteBufAllocator - -Dio.netty.allocator.normalCacheSize: 64
2023-05-15 08:40:03.351 [main] DEBUG io.netty.buffer.PooledByteBufAllocator - -Dio.netty.allocator.maxCachedBufferCapacity: 32768
2023-05-15 08:40:03.351 [main] DEBUG io.netty.buffer.PooledByteBufAllocator - -Dio.netty.allocator.cacheTrimInterval: 8192
2023-05-15 08:40:03.351 [main] DEBUG io.netty.buffer.PooledByteBufAllocator - -Dio.netty.allocator.cacheTrimIntervalMillis: 0
2023-05-15 08:40:03.351 [main] DEBUG io.netty.buffer.PooledByteBufAllocator - -Dio.netty.allocator.useCacheForAllThreads: false
2023-05-15 08:40:03.351 [main] DEBUG io.netty.buffer.PooledByteBufAllocator - -Dio.netty.allocator.maxCachedByteBuffersPerChunk: 1023
2023-05-15 08:40:03.355 [main] DEBUG io.netty.buffer.ByteBufUtil - -Dio.netty.allocator.type: pooled
2023-05-15 08:40:03.356 [main] DEBUG io.netty.buffer.ByteBufUtil - -Dio.netty.threadLocalDirectBufferSize: 0
2023-05-15 08:40:03.356 [main] DEBUG io.netty.buffer.ByteBufUtil - -Dio.netty.maxThreadLocalCharBufferSize: 16384
2023-05-15 08:40:03.492 [Forwarding newSession on session null to remote] DEBUG io.netty.channel.DefaultChannelId - -Dio.netty.processId: 42447 (auto-detected)
2023-05-15 08:40:03.493 [Forwarding newSession on session null to remote] DEBUG io.netty.util.NetUtil - -Djava.net.preferIPv4Stack: false
2023-05-15 08:40:03.493 [Forwarding newSession on session null to remote] DEBUG io.netty.util.NetUtil - -Djava.net.preferIPv6Addresses: false
2023-05-15 08:40:03.497 [Forwarding newSession on session null to remote] DEBUG io.netty.util.NetUtilInitializations - Loopback interface: lo0 (lo0, 0:0:0:0:0:0:0:1%lo0)
2023-05-15 08:40:03.497 [Forwarding newSession on session null to remote] DEBUG io.netty.util.NetUtil - Failed to get SOMAXCONN from sysctl and file /proc/sys/net/core/somaxconn. Default: 128
2023-05-15 08:40:03.498 [Forwarding newSession on session null to remote] DEBUG io.netty.channel.DefaultChannelId - -Dio.netty.machineId: bc:d0:74:ff:fe:1c:20:5b (auto-detected)
2023-05-15 08:40:03.514 [AsyncHttpClient-1-2] DEBUG io.netty.buffer.AbstractByteBuf - -Dio.netty.buffer.checkAccessible: true
2023-05-15 08:40:03.514 [AsyncHttpClient-1-2] DEBUG io.netty.buffer.AbstractByteBuf - -Dio.netty.buffer.checkBounds: true
2023-05-15 08:40:03.514 [AsyncHttpClient-1-2] DEBUG io.netty.util.ResourceLeakDetectorFactory - Loaded default ResourceLeakDetector: io.netty.util.ResourceLeakDetector@274e81b7
2023-05-15 08:40:03.524 [AsyncHttpClient-1-2] DEBUG io.netty.util.Recycler - -Dio.netty.recycler.maxCapacityPerThread: 4096
2023-05-15 08:40:03.524 [AsyncHttpClient-1-2] DEBUG io.netty.util.Recycler - -Dio.netty.recycler.ratio: 8
2023-05-15 08:40:03.524 [AsyncHttpClient-1-2] DEBUG io.netty.util.Recycler - -Dio.netty.recycler.chunkSize: 32
2023-05-15 08:40:03.524 [AsyncHttpClient-1-2] DEBUG io.netty.util.Recycler - -Dio.netty.recycler.blocking: false
2023-05-15 08:40:03.524 [AsyncHttpClient-1-2] DEBUG io.netty.util.Recycler - -Dio.netty.recycler.batchFastThreadLocalOnly: true
2023-05-15 08:40:04.833 [AsyncHttpClient-1-2] DEBUG io.netty.handler.codec.compression.Brotli - brotli4j not in the classpath; Brotli support will be unavailable.
2023-05-15 08:40:04.875 [main] DEBUG io.netty.util.internal.ThreadLocalRandom - -Dio.netty.initialSeedUniquifier: 0x6257f9a6ff43bfe5
2023-05-15 08:40:07.032 [main] INFO  Pages.LoginRegister_Page - Main page was opened
2023-05-15 08:40:11.102 [main] INFO  Pages.Base_Page - Page scroll to//input[@placeholder='Search jobs, keywords or company']
2023-05-15 08:40:12.614 [main] INFO  Pages.LoginRegister_Page - Main page was opened
2023-05-15 08:40:16.685 [main] INFO  Pages.Base_Page - Page scroll to//input[@placeholder='Search jobs, keywords or company']
2023-05-15 08:40:19.181 [main] INFO  Pages.LoginRegister_Page - Main page was opened
2023-05-15 08:40:23.232 [main] INFO  Pages.Base_Page - Page scroll to//input[@placeholder='Search jobs, keywords or company']
2023-05-15 08:40:24.708 [main] INFO  Pages.LoginRegister_Page - Main page was opened
2023-05-15 08:40:28.752 [main] INFO  Pages.Base_Page - Page scroll to//input[@placeholder='Search jobs, keywords or company']
2023-05-15 08:40:31.231 [main] INFO  Pages.LoginRegister_Page - Main page was opened
2023-05-15 08:40:35.272 [main] INFO  Pages.Base_Page - Page scroll to//input[@placeholder='Search jobs, keywords or company']
2023-05-15 08:40:36.655 [main] INFO  Pages.LoginRegister_Page - Main page was opened
2023-05-15 08:40:40.699 [main] INFO  Pages.Base_Page - Page scroll to//input[@placeholder='Search jobs, keywords or company']
2023-05-15 08:40:43.233 [main] INFO  Pages.LoginRegister_Page - Main page was opened
2023-05-15 08:40:47.285 [main] INFO  Pages.Base_Page - Page scroll to//input[@placeholder='Search jobs, keywords or company']
2023-05-15 08:40:48.753 [main] INFO  Pages.LoginRegister_Page - Main page was opened
2023-05-15 08:40:52.796 [main] INFO  Pages.Base_Page - Page scroll to//input[@placeholder='Search jobs, keywords or company']
2023-05-15 08:40:55.255 [main] INFO  Pages.LoginRegister_Page - Main page was opened
2023-05-15 08:40:59.298 [main] INFO  Pages.Base_Page - Page scroll to//input[@placeholder='Search jobs, keywords or company']
2023-05-15 08:41:00.736 [main] INFO  Pages.LoginRegister_Page - Main page was opened
2023-05-15 08:41:00.770 [main] INFO  Pages.PostJob_Page - PostJob_PAGE was opened
2023-05-15 08:41:01.003 [main] INFO  Pages.LoginRegister_Page - Main page was opened
2023-05-15 08:41:01.047 [main] INFO  Pages.FindJob_Page - Find Job page was opened
2023-05-15 08:41:03.403 [main] INFO  Pages.Base_Page - Screenshot created
2023-05-15 08:41:03.428 [main] INFO  Pages.Base_Page - Page scroll to//button[@aria-label='Go to page 2' and text()='2']
2023-05-15 08:41:05.586 [main] INFO  Pages.Base_Page - Screenshot created
2023-05-15 08:41:05.689 [main] INFO  Pages.LoginRegister_Page - Main page was opened
2023-05-15 08:41:05.743 [main] INFO  Pages.FindJob_Page - Find Job page was opened
2023-05-15 08:41:07.964 [main] INFO  Pages.Base_Page - Screenshot created
2023-05-15 08:41:07.988 [main] INFO  Pages.Base_Page - Page scroll to//button[@aria-label='Go to page 2' and text()='2']
2023-05-15 08:41:10.162 [main] INFO  Pages.Base_Page - Screenshot created
2023-05-15 08:41:10.356 [main] INFO  Pages.LoginRegister_Page - Main page was opened
2023-05-15 08:41:10.392 [main] INFO  Pages.FindJob_Page - Find Job page was opened
2023-05-15 08:41:12.626 [main] INFO  Pages.Base_Page - Screenshot created
2023-05-15 08:41:12.651 [main] INFO  Pages.Base_Page - Page scroll to//button[@aria-label='Go to page 2' and text()='2']
2023-05-15 08:41:14.804 [main] INFO  Pages.Base_Page - Screenshot created
2023-05-15 08:41:14.930 [main] INFO  Pages.LoginRegister_Page - Main page was opened
2023-05-15 08:41:14.968 [main] INFO  Pages.FindJob_Page - Find Job page was opened
2023-05-15 08:41:17.183 [main] INFO  Pages.Base_Page - Screenshot created
2023-05-15 08:41:17.205 [main] INFO  Pages.Base_Page - Page scroll to//button[@aria-label='Go to page 2' and text()='2']
2023-05-15 08:41:19.390 [main] INFO  Pages.Base_Page - Screenshot created
2023-05-15 08:41:19.502 [main] INFO  Pages.LoginRegister_Page - Main page was opened
2023-05-15 08:41:19.537 [main] INFO  Pages.FindJob_Page - Find Job page was opened
2023-05-15 08:41:21.752 [main] INFO  Pages.Base_Page - Screenshot created
2023-05-15 08:41:21.775 [main] INFO  Pages.Base_Page - Page scroll to//button[@aria-label='Go to page 2' and text()='2']
2023-05-15 08:41:23.942 [main] INFO  Pages.Base_Page - Screenshot created
2023-05-15 08:41:24.064 [main] INFO  Pages.LoginRegister_Page - Main page was opened
2023-05-15 08:41:24.101 [main] INFO  Pages.FindJob_Page - Find Job page was opened
2023-05-15 08:41:26.306 [main] INFO  Pages.Base_Page - Screenshot created
2023-05-15 08:41:26.330 [main] INFO  Pages.Base_Page - Page scroll to//button[@aria-label='Go to page 2' and text()='2']
2023-05-15 08:41:28.486 [main] INFO  Pages.Base_Page - Screenshot created
2023-05-15 08:41:28.613 [main] INFO  Pages.LoginRegister_Page - Main page was opened
2023-05-15 08:41:28.648 [main] INFO  Pages.FindJob_Page - Find Job page was opened
2023-05-15 08:41:30.876 [main] INFO  Pages.Base_Page - Screenshot created
2023-05-15 08:41:30.899 [main] INFO  Pages.Base_Page - Page scroll to//button[@aria-label='Go to page 2' and text()='2']
2023-05-15 08:41:33.120 [main] INFO  Pages.Base_Page - Screenshot created
2023-05-15 08:41:33.222 [main] INFO  Pages.LoginRegister_Page - Main page was opened
2023-05-15 08:41:33.275 [main] INFO  Pages.FindJob_Page - Find Job page was opened
2023-05-15 08:41:35.489 [main] INFO  Pages.Base_Page - Screenshot created
2023-05-15 08:41:35.511 [main] INFO  Pages.Base_Page - Page scroll to//button[@aria-label='Go to page 2' and text()='2']
2023-05-15 08:41:37.677 [main] INFO  Pages.Base_Page - Screenshot created
2023-05-15 08:41:37.798 [main] INFO  Pages.LoginRegister_Page - Main page was opened
2023-05-15 08:41:37.836 [main] INFO  Pages.FindJob_Page - Find Job page was opened
2023-05-15 08:41:40.068 [main] INFO  Pages.Base_Page - Screenshot created
2023-05-15 08:41:40.090 [main] INFO  Pages.Base_Page - Page scroll to//button[@aria-label='Go to page 2' and text()='2']
2023-05-15 08:41:42.271 [main] INFO  Pages.Base_Page - Screenshot created
2023-05-15 08:41:42.384 [main] INFO  Pages.LoginRegister_Page - Main page was opened
2023-05-15 08:41:42.438 [main] INFO  Pages.FindJob_Page - Find Job page was opened
2023-05-15 08:41:44.669 [main] INFO  Pages.Base_Page - Screenshot created
2023-05-15 08:41:44.690 [main] INFO  Pages.Base_Page - Page scroll to//button[@aria-label='Go to page 2' and text()='2']
2023-05-15 08:41:46.877 [main] INFO  Pages.Base_Page - Screenshot created
2023-05-15 08:41:46.967 [main] INFO  Pages.LoginRegister_Page - Main page was opened
2023-05-15 08:41:47.024 [main] INFO  Pages.FindJob_Page - Find Job page was opened
2023-05-15 08:41:49.257 [main] INFO  Pages.Base_Page - Screenshot created
2023-05-15 08:41:49.280 [main] INFO  Pages.Base_Page - Page scroll to//button[@aria-label='Go to page 2' and text()='2']
2023-05-15 08:41:51.471 [main] INFO  Pages.Base_Page - Screenshot created
2023-05-15 08:41:51.545 [main] INFO  Pages.LoginRegister_Page - Main page was opened
2023-05-15 08:41:51.599 [main] INFO  Pages.FindJob_Page - Find Job page was opened
2023-05-15 08:41:53.973 [main] INFO  Pages.Base_Page - Screenshot created
2023-05-15 08:41:53.996 [main] INFO  Pages.Base_Page - Page scroll to//button[@aria-label='Go to page 2' and text()='2']
2023-05-15 08:41:56.161 [main] INFO  Pages.Base_Page - Screenshot created
2023-05-15 08:41:58.438 [main] INFO  Pages.Base_Page - Screenshot created
2023-05-15 08:41:58.460 [main] INFO  Pages.Base_Page - Page scroll to//button[@aria-label='Go to page 2' and text()='2']
2023-05-15 08:42:00.632 [main] INFO  Pages.Base_Page - Screenshot created
2023-05-15 08:42:02.934 [main] INFO  Pages.Base_Page - Screenshot created
2023-05-15 08:42:02.957 [main] INFO  Pages.Base_Page - Page scroll to//button[@aria-label='Go to page 2' and text()='2']
2023-05-15 08:42:05.138 [main] INFO  Pages.Base_Page - Screenshot created
2023-05-15 08:42:07.435 [main] INFO  Pages.Base_Page - Screenshot created
2023-05-15 08:42:07.457 [main] INFO  Pages.Base_Page - Page scroll to//button[@aria-label='Go to page 2' and text()='2']
2023-05-15 08:42:09.639 [main] INFO  Pages.Base_Page - Screenshot created
2023-05-15 08:42:10.024 [main] INFO  Pages.LoginRegister_Page - Main page was opened
2023-05-15 08:42:10.057 [main] INFO  Pages.FindJob_Page - Find Job page was opened
2023-05-15 08:42:12.414 [main] INFO  Pages.Base_Page - Screenshot created
2023-05-15 08:42:12.436 [main] INFO  Pages.Base_Page - Page scroll to//button[@aria-label='Go to page 2' and text()='2']
2023-05-15 08:42:14.610 [main] INFO  Pages.Base_Page - Screenshot created
2023-05-15 08:42:15.761 [main] INFO  Pages.Base_Page - Screenshot created
2023-05-15 08:42:16.155 [main] INFO  Pages.LoginRegister_Page - Main page was opened
2023-05-15 08:42:16.569 [main] INFO  Pages.Base_Page - Screenshot created
2023-05-15 08:42:16.597 [main] INFO  Pages.Base_Page - Page scroll to//img[@src='/img/why-us.jpg']
2023-05-15 08:42:18.761 [main] INFO  Pages.Base_Page - Screenshot created
2023-05-15 08:42:18.784 [main] INFO  Pages.Base_Page - Page scroll to//img[@src='/img/features-1.svg']
2023-05-15 08:42:20.875 [main] INFO  Pages.Base_Page - Screenshot created
2023-05-15 08:42:20.900 [main] INFO  Pages.Base_Page - Page scroll to//img[@src='/img/features-2.svg']
2023-05-15 08:42:22.989 [main] INFO  Pages.Base_Page - Screenshot created
2023-05-15 08:42:23.014 [main] INFO  Pages.Base_Page - Page scroll to//img[@src='/img/features-3.svg']
2023-05-15 08:42:25.109 [main] INFO  Pages.Base_Page - Screenshot created
2023-05-15 08:42:25.134 [main] INFO  Pages.Base_Page - Page scroll to//img[@src='/img/features-4.svg']
2023-05-15 08:42:27.206 [main] INFO  Pages.Base_Page - Screenshot created
